<?xml version="1.0" encoding="UTF-8"?>
<!-- Generated by org.testng.reporters.JUnitReportReporter -->
<testsuite ignored="0" hostname="MSI" failures="0" tests="1" name="testing.Test_Selenium" time="5.888" errors="0" timestamp="20 jul 2024 17:14:55 GMT" skipped="0">
  <testcase classname="testing.Test_Selenium" name="f" time="5.888"/>
</testsuite> <!-- testing.Test_Selenium -->
